<?xml version="1.0" encoding="UTF-8"?>
<!-- Generated by org.testng.reporters.JUnitReportReporter -->
<testsuite hostname="NTB-257" failures="0" tests="1" name="Academy.KP18012023.ErrorValidationTest" time="15.194" errors="0" timestamp="2023-01-25T11:15:48 CET" skipped="0">
  <testcase classname="Academy.KP18012023.ErrorValidationTest" name="WrongCrededntials" time="15.194"/>
  <system-out/>
</testsuite> <!-- Academy.KP18012023.ErrorValidationTest -->
