<?xml version="1.0" encoding="UTF-8"?>
<!-- Generated by org.testng.reporters.JUnitReportReporter -->
<testsuite hostname="NTB-257" failures="0" tests="2" name="Academy.KP18012023.SearchTest07" time="36.715" errors="0" timestamp="2023-01-24T15:25:42 CET" skipped="0">
  <testcase classname="Academy.KP18012023.SearchTest07" name="searcProduct" time="14.331"/>
  <system-out/>
  <testcase classname="Academy.KP18012023.SearchTest07" name="searcProduct" time="22.384"/>
  <system-out/>
</testsuite> <!-- Academy.KP18012023.SearchTest07 -->
