<?xml version="1.0" encoding="UTF-8"?>
<!-- Generated by org.testng.reporters.JUnitReportReporter -->
<testsuite hostname="NTB-257" failures="0" tests="1" name="Academy.KP18012023.SearchTest05" time="21.829" errors="0" timestamp="2023-01-25T11:53:55 CET" skipped="0">
  <testcase classname="Academy.KP18012023.SearchTest05" name="searcProduct" time="21.829"/>
  <system-out/>
</testsuite> <!-- Academy.KP18012023.SearchTest05 -->
