<?xml version="1.0" encoding="UTF-8"?>
<!-- Generated by org.testng.reporters.JUnitReportReporter -->
<testsuite hostname="NTB-257" failures="0" tests="2" name="Academy.KP18012023.SearchTest08" time="41.932" errors="0" timestamp="2023-01-25T11:55:22 CET" skipped="0">
  <testcase classname="Academy.KP18012023.SearchTest08" name="searcProduct" time="23.253"/>
  <system-out/>
  <testcase classname="Academy.KP18012023.SearchTest08" name="searcProduct" time="18.679"/>
  <system-out/>
</testsuite> <!-- Academy.KP18012023.SearchTest08 -->
